;ADNER RAMOS
;LAB 8
DATA SEGMENT
BIT_WEIGHT	DW	1
		DW	2
		DW	4
		DW	8
		DW	10
		DW	20
		DW	40
		DW	80
		DW	100
		DW	200
		DW	400
		DW	800
		DW	1000
		DW	2000
		DW	4000
		DW	8000

DATA ENDS

CODE SEGMENT
ASSUME CS:CODE,DS:DATA

BCDBIN:	MOV DX, AX
	MOV AX, DATA
	MOV DS, AX
	LEA SI,BIT_WEIGHT
	MOV CX, 10H ;COUNTER
	XOR BX, BX ;BX=0
	MOV AX, DX

XX:	ROR AX, 1 
	JNC LOOP2	;IS CF=0?
	ADD BX,[SI]	; BX+SI

LOOP2:	INC SI   ;INCREMENT
	INC SI   ;SI BY 1
	LOOP XX 
	RET

CODE ENDS
END BCDBIN
END


  

Type '?' for  80286]
-U
1A33:0000 8BD0           MOV    DX,AX
1A33:0002 B8311A         MOV    AX,1A31
1A33:0005 8ED8           MOV    DS,AX
1A33:0007 8D360000       LEA    SI,[0000]
1A33:000B B91000         MOV    CX,0010
1A33:000E 33DB           XOR    BX,BX
1A33:0010 8BC2           MOV    AX,DX
1A33:0012 D1C8           ROR    AX,1
-U
1A33:0014 7302           JNB    0018
1A33:0016 031C           ADD    BX,[SI]
1A33:0018 46             INC    SI
1A33:0019 46             INC    SI
1A33:001A E2F6           LOOP   0012
1A33:001C C3             RET
1A33:001D 803E003C00     CMP    Byte Ptr [3C00],00
1A33:0022 7557           JNZ    007B
-BP 1C
-RAX 6789
-G=0
AX=6789  BX=1A85  CX=0000  DX=6789  SP=0000  BP=0000  SI=0020  DI=0000
DS=1A31  ES=1A21  SS=1A31  CS=1A33  IP=001C   NV UP EI PL NZ AC PO NC
1A33:001C C3             RET                                  ;BR0
-RAX 9999
-G=0
AX=9999  BX=270F  CX=0000  DX=9999  SP=0000  BP=0000  SI=0020  DI=0000
DS=1A31  ES=1A21  SS=1A31  CS=1A33  IP=001C   NV UP EI PL NZ AC PO NC
1A33:001C C3             RET                                  ;BR0
-RAX 0
-G=0
AX=0000  BX=0000  CX=0000  DX=0000  SP=0000  BP=0000  SI=0020  DI=0000
DS=1A31  ES=1A21  SS=1A31  CS=1A33  IP=001C   NV UP EI PL NZ AC PO NC
1A33:001C C3             RET                                  ;BR0
-
