;ADNER RAMOS
;8 BIT SEQUENCE GEN

CODE SEGMENT

ASSUME CS:CODE

SEQ8:	MOV	BL,0FFH
AGAIN:	TEST	BL,71H
	JPE	PP
	STC
PP:	RCR	BL,1
	JMP AGAIN
CODE ENDS
END SEQ8




1A24:0000 B3FF           MOV    BL,FF
1A24:0002 F6C371         TEST   BL,71                         ;'q'
1A24:0005 7A01           JPE    0008
1A24:0007 F9             STC
1A24:0008 D0DB           RCR    BL,1
1A24:000A EBF6           JMP    0002
1A24:000C 8B86FAFB       MOV    AX,[BP+FBFA]
1A24:0010 0B86FCFB       OR     AX,[BP+FBFC]
-BP A
-G=0
AX=0000  BX=007F  CX=000C  DX=0000  SP=0000  BP=0000  SI=0000  DI=0000
DS=1A14  ES=1A14  SS=1A24  CS=1A24  IP=000A   OV UP EI PL NZ NA PE CY
1A24:000A EBF6           JMP    0002                          ;BR0
-G
AX=0000  BX=003F  CX=000C  DX=0000  SP=0000  BP=0000  SI=0000  DI=0000
DS=1A14  ES=1A14  SS=1A24  CS=1A24  IP=000A   NV UP EI PL NZ NA PE CY
1A24:000A EBF6           JMP    0002                          ;BR0
-G
AX=0000  BX=009F  CX=000C  DX=0000  SP=0000  BP=0000  SI=0000  DI=0000
DS=1A14  ES=1A14  SS=1A24  CS=1A24  IP=000A   OV UP EI PL NZ NA PO CY
1A24:000A EBF6           JMP    0002                          ;BR0
-G
AX=0000  BX=004F  CX=000C  DX=0000  SP=0000  BP=0000  SI=0000  DI=0000
DS=1A14  ES=1A14  SS=1A24  CS=1A24  IP=000A   OV UP EI PL NZ NA PE CY
1A24:000A EBF6           JMP    0002                          ;BR0
-G
AX=0000  BX=0027  CX=000C  DX=0000  SP=0000  BP=0000  SI=0000  DI=0000
DS=1A14  ES=1A14  SS=1A24  CS=1A24  IP=000A   NV UP EI PL NZ NA PE CY
1A24:000A EBF6           JMP    0002                          ;BR0
-G
AX=0000  BX=0013  CX=000C  DX=0000  SP=0000  BP=0000  SI=0000  DI=0000
DS=1A14  ES=1A14  SS=1A24  CS=1A24  IP=000A   NV UP EI PL NZ NA PE CY
1A24:000A EBF6           JMP    0002                          ;BR0
-G
AX=0000  BX=0009  CX=000C  DX=0000  SP=0000  BP=0000  SI=0000  DI=0000
DS=1A14  ES=1A14  SS=1A24  CS=1A24  IP=000A   NV UP EI PL NZ NA PE CY
1A24:000A EBF6           JMP    0002                          ;BR0
-G
AX=0000  BX=0084  CX=000C  DX=0000  SP=0000  BP=0000  SI=0000  DI=0000
DS=1A14  ES=1A14  SS=1A24  CS=1A24  IP=000A   OV UP EI PL NZ NA PO CY
1A24:000A EBF6           JMP    0002                          ;BR0
-G
AX=0000  BX=0042  CX=000C  DX=0000  SP=0000  BP=0000  SI=0000  DI=0000
DS=1A14  ES=1A14  SS=1A24  CS=1A24  IP=000A   OV UP EI PL ZR NA PE NC
1A24:000A EBF6           JMP    0002                          ;BR0
-G
AX=0000  BX=00A1  CX=000C  DX=0000  SP=0000  BP=0000  SI=0000  DI=0000
DS=1A14  ES=1A14  SS=1A24  CS=1A24  IP=000A   OV UP EI PL NZ NA PO NC
1A24:000A EBF6           JMP    0002                          ;BR0
-